TN:
SF:src\App.jsx
FN:6,App
FN:21,(anonymous_1)
FN:21,(anonymous_2)
FNF:3
FNH:0
FNDA:0,App
FNDA:0,(anonymous_1)
FNDA:0,(anonymous_2)
DA:7,0
DA:9,0
DA:21,0
LF:3
LH:0
BRF:0
BRH:0
end_of_record
TN:
SF:src\main.jsx
FNF:0
FNH:0
DA:6,0
LF:1
LH:0
BRF:0
BRH:0
end_of_record
TN:
SF:src\components\0-Explanation\explain.js
FNF:0
FNH:0
LF:0
LH:0
BRF:0
BRH:0
end_of_record
TN:
SF:src\components\1-Text\Text.jsx
FN:3,Text
FNF:1
FNH:1
FNDA:2,Text
DA:4,2
LF:1
LH:1
BRF:0
BRH:0
end_of_record
TN:
SF:src\components\2-ListOfLi\ListOfLi.jsx
FN:1,ListOfLi
FN:4,(anonymous_1)
FNF:2
FNH:0
FNDA:0,ListOfLi
FNDA:0,(anonymous_1)
DA:2,0
DA:5,0
LF:2
LH:0
BRF:0
BRH:0
end_of_record
TN:
SF:src\components\3-Greet\Greet.jsx
FN:1,Greet
FNF:1
FNH:0
FNDA:0,Greet
DA:2,0
LF:1
LH:0
BRF:0
BRH:0
end_of_record
TN:
SF:src\components\4-Login\Login.jsx
FN:3,Login
FN:6,(anonymous_1)
FNF:2
FNH:0
FNDA:0,Login
FNDA:0,(anonymous_1)
DA:4,0
DA:6,0
DA:7,0
LF:3
LH:0
BRDA:6,0,0,0
BRDA:6,0,1,0
BRF:2
BRH:0
end_of_record
TN:
SF:src\components\5-LiveInput\LiveInput.jsx
FN:3,LiveInput
FN:11,(anonymous_1)
FNF:2
FNH:0
FNDA:0,LiveInput
FNDA:0,(anonymous_1)
DA:4,0
DA:5,0
DA:11,0
LF:3
LH:0
BRF:0
BRH:0
end_of_record
TN:
SF:src\components\6-TodoApp\TodoContainer.jsx
FN:5,TodoContainer
FNF:1
FNH:0
FNDA:0,TodoContainer
DA:6,0
DA:7,0
LF:2
LH:0
BRF:0
BRH:0
end_of_record
TN:
SF:src\components\6-TodoApp\TodoForm.jsx
FN:3,TodoForm
FN:6,(anonymous_1)
FN:9,(anonymous_2)
FN:21,(anonymous_3)
FNF:4
FNH:0
FNDA:0,TodoForm
FNDA:0,(anonymous_1)
FNDA:0,(anonymous_2)
FNDA:0,(anonymous_3)
DA:4,0
DA:6,0
DA:7,0
DA:9,0
DA:10,0
DA:13,0
DA:16,0
DA:21,0
LF:8
LH:0
BRF:0
BRH:0
end_of_record
TN:
SF:src\components\6-TodoApp\TodoList.jsx
FN:3,TodoList
FN:7,(anonymous_1)
FNF:2
FNH:0
FNDA:0,TodoList
FNDA:0,(anonymous_1)
DA:4,0
DA:8,0
LF:2
LH:0
BRF:0
BRH:0
end_of_record
TN:
SF:src\components\7-UserTable\UserTable.jsx
FN:3,UserTable
FN:6,(anonymous_1)
FN:7,(anonymous_2)
FN:27,(anonymous_3)
FNF:4
FNH:0
FNDA:0,UserTable
FNDA:0,(anonymous_1)
FNDA:0,(anonymous_2)
FNDA:0,(anonymous_3)
DA:4,0
DA:6,0
DA:7,0
DA:8,0
DA:9,0
DA:10,0
DA:12,0
DA:15,0
DA:28,0
LF:9
LH:0
BRF:0
BRH:0
end_of_record
TN:
SF:src\components\optional\Application\application.jsx
FN:3,(anonymous_0)
FN:19,(anonymous_1)
FNF:2
FNH:0
FNDA:0,(anonymous_0)
FNDA:0,(anonymous_1)
DA:3,0
DA:4,0
LF:2
LH:0
BRF:0
BRH:0
end_of_record
